  billboard.cpp
  cpu.cpp
  battery.cpp
  billeffect.cpp
  bomb.cpp
bomb.cpp(317): warning C4244: '初期化中': 'float' から 'int' への変換です。データが失われる可能性があります。
  camera.cpp
  collision_sphere.cpp
  confusionbomb.cpp
  control.cpp
  control_player.cpp
  countdownUI.cpp
  danger.cpp
  effect_base.cpp
  entry.cpp
  fade.cpp
  fieldeffect.cpp
  finish.cpp
  firebomb.cpp
  game.cpp
  icebomb.cpp
  コードを生成中...
  コンパイル中...
  life.cpp
  load.cpp
  loadeffect.cpp
loadeffect.cpp(580): warning C4800: 'int': ブール値を 'true' または 'false' に強制的に設定します (警告の処理)
loadeffect.cpp(581): warning C4800: 'int': ブール値を 'true' または 'false' に強制的に設定します (警告の処理)
loadeffect.cpp(582): warning C4800: 'int': ブール値を 'true' または 'false' に強制的に設定します (警告の処理)
loadeffect.cpp(589): warning C4800: 'int': ブール値を 'true' または 'false' に強制的に設定します (警告の処理)
loadeffect.cpp(694): warning C4018: '<': signed と unsigned の数値を比較しようとしました。
loadeffect.cpp(715): warning C4018: '<': signed と unsigned の数値を比較しようとしました。
  manager.cpp
  mesh_cylinder.cpp
  mesh_wall.cpp
  mesh_field.cpp
  model.cpp
  motion.cpp
  normalbomb.cpp
  object.cpp
  playerice.cpp
  playericon.cpp
  playerui.cpp
  presetdelayset.cpp
  standbyui.cpp
  pauseui.cpp
  plane.cpp
  player.cpp
  poisonbomb.cpp
  コードを生成中...
  コンパイル中...
  presetseteffect.cpp
presetseteffect.cpp(452): warning C4244: '引数': 'int' から 'float' への変換です。データが失われる可能性があります。
presetseteffect.cpp(573): warning C4244: '引数': 'int' から 'float' への変換です。データが失われる可能性があります。
presetseteffect.cpp(573): warning C4244: '引数': 'double' から 'float' への変換です。データが失われる可能性があります。
presetseteffect.cpp(605): warning C4244: '引数': 'int' から 'float' への変換です。データが失われる可能性があります。
  readyui.cpp
  renderer.cpp
  resultrank.cpp
  resultselect.cpp
  rotate3d.cpp
  scene.cpp
  scene2d.cpp
  scene3d.cpp
  shadow.cpp
  sky.cpp
  sound.cpp
  sphere.cpp
  sphereeffect.cpp
  straight3d.cpp
  title.cpp
  tutorial.cpp
  ui.cpp
  コードを生成中...
  Team.vcxproj -> C:\Users\student\Documents\Visual Studio 2015\Projects\Team\Release\Team.exe
  Team.vcxproj -> C:\Users\student\Documents\Visual Studio 2015\Projects\Team\Release\Team.pdb (Full PDB)
