  ui.cpp
  tutorial.cpp
  title.cpp
  textui.cpp
  straight3d.cpp
  sphereeffect.cpp
  sphere.cpp
c:\users\oc\desktop\翼のgit\graduation_work\team\sphere.cpp(121): warning C4244: '=': 'int' から 'WORD' への変換です。データが失われる可能性があります。
c:\users\oc\desktop\翼のgit\graduation_work\team\sphere.cpp(122): warning C4244: '=': 'int' から 'WORD' への変換です。データが失われる可能性があります。
c:\users\oc\desktop\翼のgit\graduation_work\team\sphere.cpp(128): warning C4244: '=': 'int' から 'WORD' への変換です。データが失われる可能性があります。
c:\users\oc\desktop\翼のgit\graduation_work\team\sphere.cpp(129): warning C4244: '=': 'int' から 'WORD' への変換です。データが失われる可能性があります。
  sound.cpp
  sky.cpp
  shadow.cpp
  scene3d.cpp
  scene2d.cpp
  scene.cpp
  rotate3d.cpp
  resultselect.cpp
  resultrank.cpp
  renderer.cpp
  readyui.cpp
  presetseteffect.cpp
c:\users\oc\desktop\翼のgit\graduation_work\team\presetseteffect.cpp(455): warning C4244: '引数': 'int' から 'float' への変換です。データが失われる可能性があります。
c:\users\oc\desktop\翼のgit\graduation_work\team\presetseteffect.cpp(571): warning C4244: '引数': 'int' から 'float' への変換です。データが失われる可能性があります。
c:\users\oc\desktop\翼のgit\graduation_work\team\presetseteffect.cpp(571): warning C4244: '引数': 'double' から 'float' への変換です。データが失われる可能性があります。
c:\users\oc\desktop\翼のgit\graduation_work\team\presetseteffect.cpp(602): warning C4244: '引数': 'int' から 'float' への変換です。データが失われる可能性があります。
c:\users\oc\desktop\翼のgit\graduation_work\team\presetseteffect.cpp(407): warning C4100: 'rot': 引数は関数の本体部で 1 度も参照されません。
  poisonbomb.cpp
  コードを生成中...
  コンパイル中...
  player.cpp
c:\users\oc\desktop\翼のgit\graduation_work\team\player.cpp(264): warning C4100: 'type': 引数は関数の本体部で 1 度も参照されません。
  plane.cpp
  pauseui.cpp
  object.cpp
  normalbomb.cpp
  model.cpp
  mesh_field.cpp
  mesh_wall.cpp
c:\users\oc\desktop\翼のgit\graduation_work\team\mesh_wall.cpp(405): warning C4238: 非標準の拡張機能が使用されています: 右辺値のクラスが左辺値に使用されます。
  manager.cpp
  main.cpp
c:\users\oc\desktop\翼のgit\graduation_work\team\main.cpp(33): warning C4100: 'lpCmdLine': 引数は関数の本体部で 1 度も参照されません。
c:\users\oc\desktop\翼のgit\graduation_work\team\main.cpp(33): warning C4100: 'hPrevInstance': 引数は関数の本体部で 1 度も参照されません。
  loadeffect.cpp
c:\users\oc\desktop\翼のgit\graduation_work\team\loadeffect.cpp(547): warning C4800: 'int': ブール値を 'true' または 'false' に強制的に設定します (警告の処理)
c:\users\oc\desktop\翼のgit\graduation_work\team\loadeffect.cpp(549): warning C4800: 'int': ブール値を 'true' または 'false' に強制的に設定します (警告の処理)
c:\users\oc\desktop\翼のgit\graduation_work\team\loadeffect.cpp(240): warning C4477: 'fscanf' : 書式文字列 '%f' には、型 'float *' の引数が必要ですが、可変個引数 1 は型 'D3DXVECTOR2 *' です
c:\users\oc\desktop\翼のgit\graduation_work\team\loadeffect.cpp(471): warning C4477: 'fscanf' : 書式文字列 '%f' には、型 'float *' の引数が必要ですが、可変個引数 1 は型 'D3DXVECTOR2 *' です
  load.cpp
c:\users\oc\desktop\翼のgit\graduation_work\team\load.cpp(65): warning C4101: 'nLoop': ローカル変数は 1 度も使われていません。
c:\users\oc\desktop\翼のgit\graduation_work\team\load.cpp(48): warning C4189: 'bMove': ローカル変数が初期化されましたが、参照されていません
c:\users\oc\desktop\翼のgit\graduation_work\team\load.cpp(62): warning C4101: 'nMaxPattern': ローカル変数は 1 度も使われていません。
c:\users\oc\desktop\翼のgit\graduation_work\team\load.cpp(46): warning C4189: 'bFieldTilt': ローカル変数が初期化されましたが、参照されていません
c:\users\oc\desktop\翼のgit\graduation_work\team\load.cpp(60): warning C4101: 'nPattern': ローカル変数は 1 度も使われていません。
c:\users\oc\desktop\翼のgit\graduation_work\team\load.cpp(61): warning C4101: 'nCntPattern': ローカル変数は 1 度も使われていません。
c:\users\oc\desktop\翼のgit\graduation_work\team\load.cpp(47): warning C4189: 'bPattern': ローカル変数が初期化されましたが、参照されていません
  light.cpp
  keyboard.cpp
  input.cpp
c:\users\oc\desktop\翼のgit\graduation_work\team\input.cpp(21): warning C4100: 'hWnd': 引数は関数の本体部で 1 度も参照されません。
  icebomb.cpp
  gamepad.cpp
  game.cpp
c:\users\oc\desktop\翼のgit\graduation_work\team\game.cpp(110): warning C4244: '=': 'double' から 'int' への変換です。データが失われる可能性があります。
c:\users\oc\desktop\翼のgit\graduation_work\team\game.cpp(238): warning C4244: '=': 'double' から 'int' への変換です。データが失われる可能性があります。
  firebomb.cpp
  fieldeffect.cpp
  コードを生成中...
  コンパイル中...
  fade.cpp
  entry.cpp
  effect_base.cpp
  danger.cpp
  countdownUI.cpp
  control_player.cpp
  control.cpp
  confusionbomb.cpp
  collision_sphere.cpp
  camera.cpp
  bomb.cpp
c:\users\oc\desktop\翼のgit\graduation_work\team\bomb.cpp(264): warning C4244: '初期化中': 'float' から 'int' への変換です。データが失われる可能性があります。
  billeffect.cpp
  battery.cpp
  コードを生成中...
player.obj : error LNK2001: 外部シンボル "D3DXMatrixMultiply" は未解決です。
sky.obj : error LNK2001: 外部シンボル "D3DXMatrixMultiply" は未解決です。
mesh_wall.obj : error LNK2001: 外部シンボル "D3DXMatrixMultiply" は未解決です。
mesh_field.obj : error LNK2001: 外部シンボル "D3DXMatrixMultiply" は未解決です。
model.obj : error LNK2001: 外部シンボル "D3DXMatrixMultiply" は未解決です。
plane.obj : error LNK2001: 外部シンボル "D3DXMatrixMultiply" は未解決です。
billeffect.obj : error LNK2001: 外部シンボル "D3DXMatrixMultiply" は未解決です。
bomb.obj : error LNK2001: 外部シンボル "D3DXMatrixMultiply" は未解決です。
collision_sphere.obj : error LNK2001: 外部シンボル "D3DXMatrixMultiply" は未解決です。
effect_base.obj : error LNK2001: 外部シンボル "D3DXMatrixMultiply" は未解決です。
billeffect.obj : error LNK2019: 未解決の外部シンボル D3DXMatrixInverse が関数 "public: virtual void __cdecl CBillEffect::Draw(void)" (?Draw@CBillEffect@@UEAAXXZ) で参照されました。
player.obj : error LNK2001: 外部シンボル "D3DXMatrixTranslation" は未解決です。
sky.obj : error LNK2001: 外部シンボル "D3DXMatrixTranslation" は未解決です。
mesh_wall.obj : error LNK2001: 外部シンボル "D3DXMatrixTranslation" は未解決です。
mesh_field.obj : error LNK2001: 外部シンボル "D3DXMatrixTranslation" は未解決です。
model.obj : error LNK2001: 外部シンボル "D3DXMatrixTranslation" は未解決です。
plane.obj : error LNK2001: 外部シンボル "D3DXMatrixTranslation" は未解決です。
billeffect.obj : error LNK2001: 外部シンボル "D3DXMatrixTranslation" は未解決です。
bomb.obj : error LNK2001: 外部シンボル "D3DXMatrixTranslation" は未解決です。
collision_sphere.obj : error LNK2001: 外部シンボル "D3DXMatrixTranslation" は未解決です。
effect_base.obj : error LNK2001: 外部シンボル "D3DXMatrixTranslation" は未解決です。
sky.obj : error LNK2001: 外部シンボル "D3DXMatrixRotationYawPitchRoll" は未解決です。
mesh_field.obj : error LNK2001: 外部シンボル "D3DXMatrixRotationYawPitchRoll" は未解決です。
model.obj : error LNK2001: 外部シンボル "D3DXMatrixRotationYawPitchRoll" は未解決です。
plane.obj : error LNK2001: 外部シンボル "D3DXMatrixRotationYawPitchRoll" は未解決です。
player.obj : error LNK2001: 外部シンボル "D3DXMatrixRotationYawPitchRoll" は未解決です。
bomb.obj : error LNK2001: 外部シンボル "D3DXMatrixRotationYawPitchRoll" は未解決です。
collision_sphere.obj : error LNK2001: 外部シンボル "D3DXMatrixRotationYawPitchRoll" は未解決です。
effect_base.obj : error LNK2001: 外部シンボル "D3DXMatrixRotationYawPitchRoll" は未解決です。
mesh_wall.obj : error LNK2001: 外部シンボル "D3DXMatrixRotationYawPitchRoll" は未解決です。
camera.obj : error LNK2019: 未解決の外部シンボル D3DXMatrixLookAtLH が関数 "public: long __cdecl CCamera::Init(struct D3DXVECTOR3,float,struct D3DXVECTOR3)" (?Init@CCamera@@QEAAJUD3DXVECTOR3@@M0@Z) で参照されました。
camera.obj : error LNK2019: 未解決の外部シンボル D3DXMatrixPerspectiveFovLH が関数 "public: long __cdecl CCamera::Init(struct D3DXVECTOR3,float,struct D3DXVECTOR3)" (?Init@CCamera@@QEAAJUD3DXVECTOR3@@M0@Z) で参照されました。
plane.obj : error LNK2001: 外部シンボル "D3DXCreateTextureFromFileA" は未解決です。
scene2d.obj : error LNK2001: 外部シンボル "D3DXCreateTextureFromFileA" は未解決です。
sphere.obj : error LNK2001: 外部シンボル "D3DXCreateTextureFromFileA" は未解決です。
effect_base.obj : error LNK2001: 外部シンボル "D3DXCreateTextureFromFileA" は未解決です。
mesh_wall.obj : error LNK2001: 外部シンボル "D3DXCreateTextureFromFileA" は未解決です。
mesh_field.obj : error LNK2001: 外部シンボル "D3DXCreateTextureFromFileA" は未解決です。
model.obj : error LNK2001: 外部シンボル "D3DXCreateTextureFromFileA" は未解決です。
gamepad.obj : error LNK2019: 未解決の外部シンボル XInputGetState が関数 "public: virtual long __cdecl CGamePad::Init(struct HINSTANCE__ *,struct HWND__ *)" (?Init@CGamePad@@UEAAJPEAUHINSTANCE__@@PEAUHWND__@@@Z) で参照されました。
gamepad.obj : error LNK2019: 未解決の外部シンボル XInputEnable が関数 "public: virtual void __cdecl CGamePad::Uninit(void)" (?Uninit@CGamePad@@UEAAXXZ) で参照されました。
input.obj : error LNK2019: 未解決の外部シンボル DirectInput8Create が関数 "public: virtual long __cdecl CInput::Init(struct HINSTANCE__ *,struct HWND__ *)" (?Init@CInput@@UEAAJPEAUHINSTANCE__@@PEAUHWND__@@@Z) で参照されました。
input.obj : error LNK2001: 外部シンボル "IID_IDirectInput8A" は未解決です。
keyboard.obj : error LNK2001: 外部シンボル "GUID_SysKeyboard" は未解決です。
keyboard.obj : error LNK2001: 外部シンボル "c_dfDIKeyboard" は未解決です。
light.obj : error LNK2019: 未解決の外部シンボル D3DXVec3Normalize が関数 "public: long __cdecl CLight::Init(struct D3DXCOLOR,struct D3DXVECTOR3,int)" (?Init@CLight@@QEAAJUD3DXCOLOR@@UD3DXVECTOR3@@H@Z) で参照されました。
model.obj : error LNK2019: 未解決の外部シンボル D3DXLoadMeshFromXA が関数 "public: long __cdecl CModel::Init(char const *)" (?Init@CModel@@QEAAJPEBD@Z) で参照されました。
model.obj : error LNK2019: 未解決の外部シンボル D3DXGetFVFVertexSize が関数 "public: struct D3DXVECTOR3 __cdecl CModel::SearchMaxSize(void)" (?SearchMaxSize@CModel@@QEAA?AUD3DXVECTOR3@@XZ) で参照されました。
renderer.obj : error LNK2019: 未解決の外部シンボル Direct3DCreate9 が関数 "public: long __cdecl CRenderer::Init(struct HWND__ *,bool)" (?Init@CRenderer@@QEAAJPEAUHWND__@@_N@Z) で参照されました。
renderer.obj : error LNK2019: 未解決の外部シンボル D3DXCreateFontA が関数 "public: long __cdecl CRenderer::Init(struct HWND__ *,bool)" (?Init@CRenderer@@QEAAJPEAUHWND__@@_N@Z) で参照されました。
textui.obj : error LNK2001: 外部シンボル "D3DXCreateFontA" は未解決です。
C:\Program Files (x86)\Microsoft DirectX SDK (June 2010)\Lib\x86\d3d9.lib : warning LNK4272: ライブラリのコンピューターの種類 'X86' がターゲットのコンピューターの種類' x64' と競合しています
C:\Program Files (x86)\Microsoft DirectX SDK (June 2010)\Lib\x86\d3dx9.lib : warning LNK4272: ライブラリのコンピューターの種類 'X86' がターゲットのコンピューターの種類' x64' と競合しています
C:\Program Files (x86)\Microsoft DirectX SDK (June 2010)\Lib\x86\dxguid.lib : warning LNK4272: ライブラリのコンピューターの種類 'X86' がターゲットのコンピューターの種類' x64' と競合しています
C:\Program Files (x86)\Microsoft DirectX SDK (June 2010)\Lib\x86\dinput8.lib : warning LNK4272: ライブラリのコンピューターの種類 'X86' がターゲットのコンピューターの種類' x64' と競合しています
C:\Program Files (x86)\Microsoft DirectX SDK (June 2010)\Lib\x86\xinput.lib : warning LNK4272: ライブラリのコンピューターの種類 'X86' がターゲットのコンピューターの種類' x64' と競合しています
C:\Users\OC\Desktop\翼のgit\Graduation_work\Team\x64\Debug\Team.exe : fatal error LNK1120: 18 件の未解決の外部参照
